Using pre-set license
Built from '2020.3/china_unity/release' branch; Version is '2020.3.16f1c1 (52703c1271a5) revision 5402684'; Using compiler version '192528614'; Build Type 'Release'
OS: 'Windows 10 Pro; OS build 19042.1586; Version 2009; 64bit' Language: 'zh' Physical Memory: 32706 MB
BatchMode: 1, IsHumanControllingUs: 0, StartBugReporterOnCrash: 0, Is64bit: 1, IsPro: 0

 COMMAND LINE ARGUMENTS:
D:\Unity\2020.3.16f1c1\Editor\Unity.exe
-adb2
-batchMode
-noUpm
-name
AssetImportWorker0
-projectPath
F:/Project/Astar
-logFile
Logs/AssetImportWorker0.log
-srvPort
9735
Successfully changed project path to: F:/Project/Astar
F:/Project/Astar
Using Asset Import Pipeline V2.
AS: AutoStreaming module initializing.Refreshing native plugins compatible for Editor in 23.77 ms, found 2 plugins.
Preloading 0 native plugins for Editor in 0.00 ms.
Initialize engine version: 2020.3.16f1c1 (52703c1271a5)
[Subsystems] Discovering subsystems at path D:/Unity/2020.3.16f1c1/Editor/Data/Resources/UnitySubsystems
[Subsystems] Discovering subsystems at path F:/Project/Astar/Assets
GfxDevice: creating device client; threaded=0
Direct3D:
    Version:  Direct3D 11.0 [level 11.1]
    Renderer: NVIDIA GeForce GTX 960 (ID=0x1401)
    Vendor:   
    VRAM:     2007 MB
    Driver:   30.0.14.7111
Initialize mono
Mono path[0] = 'D:/Unity/2020.3.16f1c1/Editor/Data/Managed'
Mono path[1] = 'D:/Unity/2020.3.16f1c1/Editor/Data/MonoBleedingEdge/lib/mono/unityjit'
Mono config path = 'D:/Unity/2020.3.16f1c1/Editor/Data/MonoBleedingEdge/etc'
Using monoOptions --debugger-agent=transport=dt_socket,embedding=1,server=y,suspend=n,address=127.0.0.1:56464
Begin MonoManager ReloadAssembly
Registering precompiled unity dll's ...
Register platform support module: D:/Unity/2020.3.16f1c1/Editor/Data/PlaybackEngines/WebGLSupport/UnityEditor.WebGL.Extensions.dll
Register platform support module: D:/Unity/2020.3.16f1c1/Editor/Data/PlaybackEngines/WindowsStandaloneSupport/UnityEditor.WindowsStandalone.Extensions.dll
Registered in 0.001061 seconds.
Native extension for WindowsStandalone target not found
Native extension for WebGL target not found
Refreshing native plugins compatible for Editor in 23.35 ms, found 2 plugins.
Preloading 0 native plugins for Editor in 0.00 ms.
Mono: successfully reloaded assembly
- Completed reload, in  1.165 seconds
Domain Reload Profiling:
	ReloadAssembly (1165ms)
		BeginReloadAssembly (50ms)
			ExecutionOrderSort (0ms)
			DisableScriptedObjects (0ms)
			BackupInstance (0ms)
			ReleaseScriptingObjects (0ms)
			CreateAndSetChildDomain (1ms)
		EndReloadAssembly (328ms)
			LoadAssemblies (50ms)
			RebuildTransferFunctionScriptingTraits (0ms)
			SetupTypeCache (116ms)
			ReleaseScriptCaches (0ms)
			RebuildScriptCaches (29ms)
			SetupLoadedEditorAssemblies (124ms)
				LogAssemblyErrors (0ms)
				InitializePlatformSupportModulesInManaged (4ms)
				SetLoadedEditorAssemblies (0ms)
				RefreshPlugins (23ms)
				BeforeProcessingInitializeOnLoad (11ms)
				ProcessInitializeOnLoadAttributes (64ms)
				ProcessInitializeOnLoadMethodAttributes (22ms)
				AfterProcessingInitializeOnLoad (0ms)
				EditorAssembliesLoaded (0ms)
			ExecutionOrderSort2 (0ms)
			AwakeInstancesAfterBackupRestoration (0ms)
Platform modules already initialized, skipping
Registering precompiled user dll's ...
Registered in 0.003058 seconds.
Begin MonoManager ReloadAssembly
Native extension for WindowsStandalone target not found
Native extension for WebGL target not found
Refreshing native plugins compatible for Editor in 0.28 ms, found 2 plugins.
Preloading 0 native plugins for Editor in 0.00 ms.
Mono: successfully reloaded assembly
- Completed reload, in  0.848 seconds
Domain Reload Profiling:
	ReloadAssembly (849ms)
		BeginReloadAssembly (121ms)
			ExecutionOrderSort (0ms)
			DisableScriptedObjects (4ms)
			BackupInstance (0ms)
			ReleaseScriptingObjects (0ms)
			CreateAndSetChildDomain (15ms)
		EndReloadAssembly (684ms)
			LoadAssemblies (76ms)
			RebuildTransferFunctionScriptingTraits (0ms)
			SetupTypeCache (204ms)
			ReleaseScriptCaches (0ms)
			RebuildScriptCaches (38ms)
			SetupLoadedEditorAssemblies (306ms)
				LogAssemblyErrors (0ms)
				InitializePlatformSupportModulesInManaged (5ms)
				SetLoadedEditorAssemblies (0ms)
				RefreshPlugins (0ms)
				BeforeProcessingInitializeOnLoad (70ms)
				ProcessInitializeOnLoadAttributes (226ms)
				ProcessInitializeOnLoadMethodAttributes (3ms)
				AfterProcessingInitializeOnLoad (2ms)
				EditorAssembliesLoaded (0ms)
			ExecutionOrderSort2 (0ms)
			AwakeInstancesAfterBackupRestoration (5ms)
Platform modules already initialized, skipping
========================================================================
Worker process is ready to serve import requests
Launched and connected shader compiler UnityShaderCompiler.exe after 0.03 seconds
Refreshing native plugins compatible for Editor in 0.28 ms, found 2 plugins.
Preloading 0 native plugins for Editor in 0.00 ms.
Unloading 1421 Unused Serialized files (Serialized files now loaded: 0)
System memory in use before: 68.2 MB.
System memory in use after: 68.3 MB.

Unloading 20 unused Assets to reduce memory usage. Loaded Objects now: 1859.
Total: 2.250800 ms (FindLiveObjects: 0.144300 ms CreateObjectMapping: 0.037900 ms MarkObjects: 2.021400 ms  DeleteObjects: 0.045700 ms)

AssetImportParameters requested are different than current active one (requested -> active):
  custom:framework-win-MediaFoundation: 216162199b28c13a410421893ffa2e32 -> 
  custom:video-decoder-ogg-theora: a1e56fd34408186e4bbccfd4996cb3dc -> 
  custom:container-muxer-webm: aa71ff27fc2769a1b78a27578f13a17b -> 
  custom:container-demuxer-webm: 4f35f7cbe854078d1ac9338744f61a02 -> 
  custom:container-demuxer-ogg: 62fdf1f143b41e24485cea50d1cbac27 -> 
  custom:video-encoder-webm-vp8: eb34c28f22e8b96e1ab97ce403110664 -> 
  custom:video-decoder-webm-vp8: 9c59270c3fd7afecdb556c50c9e8de78 -> 
  custom:audio-decoder-ogg-vorbis: bf7c407c2cedff20999df2af8eb42d56 -> 
  custom:audio-encoder-webm-vorbis: bf7c407c2cedff20999df2af8eb42d56 -> 
========================================================================
Received Import Request.
  path: Assets/Scripts
  artifactKey: Guid(63c98f020fc7bf541b000ae6d55654c0) Importer(815301076,1909f56bfc062723c751e8b465ee728b)
Start importing Assets/Scripts using Guid(63c98f020fc7bf541b000ae6d55654c0) Importer(815301076,1909f56bfc062723c751e8b465ee728b)  -> (artifact id: '922ce031a6bca6f5324ede53d30efdb0') in 0.005800 seconds 
  Import took 0.007562 seconds .

========================================================================
Received Prepare
Registering precompiled user dll's ...
Registered in 0.002991 seconds.
Begin MonoManager ReloadAssembly
Native extension for WindowsStandalone target not found
Native extension for WebGL target not found
Refreshing native plugins compatible for Editor in 0.29 ms, found 2 plugins.
Preloading 0 native plugins for Editor in 0.00 ms.
Mono: successfully reloaded assembly
- Completed reload, in  0.805 seconds
Domain Reload Profiling:
	ReloadAssembly (805ms)
		BeginReloadAssembly (95ms)
			ExecutionOrderSort (0ms)
			DisableScriptedObjects (4ms)
			BackupInstance (0ms)
			ReleaseScriptingObjects (0ms)
			CreateAndSetChildDomain (26ms)
		EndReloadAssembly (667ms)
			LoadAssemblies (74ms)
			RebuildTransferFunctionScriptingTraits (0ms)
			SetupTypeCache (205ms)
			ReleaseScriptCaches (1ms)
			RebuildScriptCaches (34ms)
			SetupLoadedEditorAssemblies (290ms)
				LogAssemblyErrors (0ms)
				InitializePlatformSupportModulesInManaged (5ms)
				SetLoadedEditorAssemblies (0ms)
				RefreshPlugins (0ms)
				BeforeProcessingInitializeOnLoad (67ms)
				ProcessInitializeOnLoadAttributes (212ms)
				ProcessInitializeOnLoadMethodAttributes (3ms)
				AfterProcessingInitializeOnLoad (2ms)
				EditorAssembliesLoaded (0ms)
			ExecutionOrderSort2 (0ms)
			AwakeInstancesAfterBackupRestoration (5ms)
Platform modules already initialized, skipping
Refreshing native plugins compatible for Editor in 0.28 ms, found 2 plugins.
Preloading 0 native plugins for Editor in 0.00 ms.
Unloading 1415 Unused Serialized files (Serialized files now loaded: 0)
System memory in use before: 68.1 MB.
System memory in use after: 68.2 MB.

Unloading 15 unused Assets to reduce memory usage. Loaded Objects now: 1861.
Total: 2.075600 ms (FindLiveObjects: 0.118900 ms CreateObjectMapping: 0.037900 ms MarkObjects: 1.905700 ms  DeleteObjects: 0.012200 ms)

AssetImportParameters requested are different than current active one (requested -> active):
  custom:framework-win-MediaFoundation: 216162199b28c13a410421893ffa2e32 -> 
  custom:video-decoder-ogg-theora: a1e56fd34408186e4bbccfd4996cb3dc -> 
  custom:container-muxer-webm: aa71ff27fc2769a1b78a27578f13a17b -> 
  custom:container-demuxer-webm: 4f35f7cbe854078d1ac9338744f61a02 -> 
  custom:container-demuxer-ogg: 62fdf1f143b41e24485cea50d1cbac27 -> 
  custom:video-encoder-webm-vp8: eb34c28f22e8b96e1ab97ce403110664 -> 
  custom:video-decoder-webm-vp8: 9c59270c3fd7afecdb556c50c9e8de78 -> 
  custom:audio-decoder-ogg-vorbis: bf7c407c2cedff20999df2af8eb42d56 -> 
  custom:audio-encoder-webm-vorbis: bf7c407c2cedff20999df2af8eb42d56 -> 
========================================================================
Received Prepare
Registering precompiled user dll's ...
Registered in 0.003020 seconds.
Begin MonoManager ReloadAssembly
Native extension for WindowsStandalone target not found
Native extension for WebGL target not found
Refreshing native plugins compatible for Editor in 0.29 ms, found 2 plugins.
Preloading 0 native plugins for Editor in 0.00 ms.
Mono: successfully reloaded assembly
- Completed reload, in  0.800 seconds
Domain Reload Profiling:
	ReloadAssembly (801ms)
		BeginReloadAssembly (107ms)
			ExecutionOrderSort (0ms)
			DisableScriptedObjects (4ms)
			BackupInstance (0ms)
			ReleaseScriptingObjects (0ms)
			CreateAndSetChildDomain (25ms)
		EndReloadAssembly (651ms)
			LoadAssemblies (74ms)
			RebuildTransferFunctionScriptingTraits (0ms)
			SetupTypeCache (196ms)
			ReleaseScriptCaches (1ms)
			RebuildScriptCaches (33ms)
			SetupLoadedEditorAssemblies (285ms)
				LogAssemblyErrors (0ms)
				InitializePlatformSupportModulesInManaged (5ms)
				SetLoadedEditorAssemblies (0ms)
				RefreshPlugins (0ms)
				BeforeProcessingInitializeOnLoad (66ms)
				ProcessInitializeOnLoadAttributes (210ms)
				ProcessInitializeOnLoadMethodAttributes (3ms)
				AfterProcessingInitializeOnLoad (2ms)
				EditorAssembliesLoaded (0ms)
			ExecutionOrderSort2 (0ms)
			AwakeInstancesAfterBackupRestoration (5ms)
Platform modules already initialized, skipping
Refreshing native plugins compatible for Editor in 0.27 ms, found 2 plugins.
Preloading 0 native plugins for Editor in 0.00 ms.
Unloading 1415 Unused Serialized files (Serialized files now loaded: 0)
System memory in use before: 68.1 MB.
System memory in use after: 68.2 MB.

Unloading 15 unused Assets to reduce memory usage. Loaded Objects now: 1863.
Total: 2.117200 ms (FindLiveObjects: 0.122600 ms CreateObjectMapping: 0.035800 ms MarkObjects: 1.946000 ms  DeleteObjects: 0.011900 ms)

AssetImportParameters requested are different than current active one (requested -> active):
  custom:framework-win-MediaFoundation: 216162199b28c13a410421893ffa2e32 -> 
  custom:video-decoder-ogg-theora: a1e56fd34408186e4bbccfd4996cb3dc -> 
  custom:container-muxer-webm: aa71ff27fc2769a1b78a27578f13a17b -> 
  custom:container-demuxer-webm: 4f35f7cbe854078d1ac9338744f61a02 -> 
  custom:container-demuxer-ogg: 62fdf1f143b41e24485cea50d1cbac27 -> 
  custom:video-encoder-webm-vp8: eb34c28f22e8b96e1ab97ce403110664 -> 
  custom:video-decoder-webm-vp8: 9c59270c3fd7afecdb556c50c9e8de78 -> 
  custom:audio-decoder-ogg-vorbis: bf7c407c2cedff20999df2af8eb42d56 -> 
  custom:audio-encoder-webm-vorbis: bf7c407c2cedff20999df2af8eb42d56 -> 
========================================================================
Received Import Request.
  Time since last request: 296.635386 seconds.
  path: Assets/Scripts/astar
  artifactKey: Guid(66a82d2902b78cf49885d6feefc28ac0) Importer(815301076,1909f56bfc062723c751e8b465ee728b)
Start importing Assets/Scripts/astar using Guid(66a82d2902b78cf49885d6feefc28ac0) Importer(815301076,1909f56bfc062723c751e8b465ee728b)  -> (artifact id: '23db4d27995f315c9743cc6ceee5bbc9') in 0.006605 seconds 
  Import took 0.008469 seconds .

========================================================================
Received Import Request.
  Time since last request: 1.020462 seconds.
  path: Assets/Scripts/astar/i_astar_mgr.cs
  artifactKey: Guid(6a3376fa7deaf7645805bcf86f40afa0) Importer(815301076,1909f56bfc062723c751e8b465ee728b)
Start importing Assets/Scripts/astar/i_astar_mgr.cs using Guid(6a3376fa7deaf7645805bcf86f40afa0) Importer(815301076,1909f56bfc062723c751e8b465ee728b)  -> (artifact id: '03442cb991b8b550e083a4caf7822957') in 0.032652 seconds 
  Import took 0.034490 seconds .

========================================================================
Received Import Request.
  Time since last request: 0.445351 seconds.
  path: Assets/Scripts/astar/i_node_view.cs
  artifactKey: Guid(8c6047ea13e19dc48bd253f8685f77f9) Importer(815301076,1909f56bfc062723c751e8b465ee728b)
Start importing Assets/Scripts/astar/i_node_view.cs using Guid(8c6047ea13e19dc48bd253f8685f77f9) Importer(815301076,1909f56bfc062723c751e8b465ee728b)  -> (artifact id: 'ff8a81335835a05bffa40734f3984b5e') in 0.005065 seconds 
  Import took 0.006973 seconds .

========================================================================
Received Import Request.
  Time since last request: 2.585371 seconds.
  path: Assets/Scripts/astar/close_list.cs
  artifactKey: Guid(303e0618bd4c7a1488ef5d2b18cbad42) Importer(815301076,1909f56bfc062723c751e8b465ee728b)
Start importing Assets/Scripts/astar/close_list.cs using Guid(303e0618bd4c7a1488ef5d2b18cbad42) Importer(815301076,1909f56bfc062723c751e8b465ee728b)  -> (artifact id: '50dd721b599cb925115bc7683542dc04') in 0.006692 seconds 
  Import took 0.008520 seconds .

========================================================================
Received Import Request.
  Time since last request: 0.018279 seconds.
  path: Assets/Scripts/astar/close_list.cs
  artifactKey: Guid(303e0618bd4c7a1488ef5d2b18cbad42) Importer(815301076,1909f56bfc062723c751e8b465ee728b)
Start importing Assets/Scripts/astar/close_list.cs using Guid(303e0618bd4c7a1488ef5d2b18cbad42) Importer(815301076,1909f56bfc062723c751e8b465ee728b)  -> (artifact id: '50dd721b599cb925115bc7683542dc04') in 0.002257 seconds 
  Import took 0.004214 seconds .

========================================================================
Received Import Request.
  Time since last request: 0.369809 seconds.
  path: Assets/Scripts/astar/AstarStart.cs
  artifactKey: Guid(315d6f628f0c1ff468ce8de0693a9ab3) Importer(815301076,1909f56bfc062723c751e8b465ee728b)
Start importing Assets/Scripts/astar/AstarStart.cs using Guid(315d6f628f0c1ff468ce8de0693a9ab3) Importer(815301076,1909f56bfc062723c751e8b465ee728b)  -> (artifact id: '09ec9b3753bf4c0eef0e28a0bad19bcd') in 0.004647 seconds 
  Import took 0.006470 seconds .

========================================================================
Received Import Request.
  Time since last request: 0.000320 seconds.
  path: Assets/Scripts/astar/AstarStart.cs
  artifactKey: Guid(315d6f628f0c1ff468ce8de0693a9ab3) Importer(815301076,1909f56bfc062723c751e8b465ee728b)
Start importing Assets/Scripts/astar/AstarStart.cs using Guid(315d6f628f0c1ff468ce8de0693a9ab3) Importer(815301076,1909f56bfc062723c751e8b465ee728b)  -> (artifact id: '09ec9b3753bf4c0eef0e28a0bad19bcd') in 0.022605 seconds 
  Import took 0.024348 seconds .

========================================================================
Received Import Request.
  Time since last request: 0.332960 seconds.
  path: Assets/Scripts/astar/astar_mgr.cs
  artifactKey: Guid(9bbd1eba4d658b243ac4551bf2cd2e70) Importer(815301076,1909f56bfc062723c751e8b465ee728b)
Start importing Assets/Scripts/astar/astar_mgr.cs using Guid(9bbd1eba4d658b243ac4551bf2cd2e70) Importer(815301076,1909f56bfc062723c751e8b465ee728b)  -> (artifact id: '32af9f3a7f71554327726577d28d1e1e') in 0.003927 seconds 
  Import took 0.005790 seconds .

========================================================================
Received Import Request.
  Time since last request: 0.406066 seconds.
  path: Assets/Scripts/astar/astar_config.cs
  artifactKey: Guid(672297698d3eb2d4796797fabe817650) Importer(815301076,1909f56bfc062723c751e8b465ee728b)
Start importing Assets/Scripts/astar/astar_config.cs using Guid(672297698d3eb2d4796797fabe817650) Importer(815301076,1909f56bfc062723c751e8b465ee728b)  -> (artifact id: '62a275c6ff960fd4e5fd752057135233') in 0.003756 seconds 
  Import took 0.005648 seconds .

========================================================================
Received Import Request.
  Time since last request: 0.000825 seconds.
  path: Assets/Scripts/astar/astar_config.cs
  artifactKey: Guid(672297698d3eb2d4796797fabe817650) Importer(815301076,1909f56bfc062723c751e8b465ee728b)
Start importing Assets/Scripts/astar/astar_config.cs using Guid(672297698d3eb2d4796797fabe817650) Importer(815301076,1909f56bfc062723c751e8b465ee728b)  -> (artifact id: '62a275c6ff960fd4e5fd752057135233') in 0.001719 seconds 
  Import took 0.003432 seconds .

========================================================================
Received Import Request.
  Time since last request: 1.604418 seconds.
  path: Assets/Scripts/astar/node_view.cs
  artifactKey: Guid(eb7f56bb82fabd54a9006c363c13bef9) Importer(815301076,1909f56bfc062723c751e8b465ee728b)
Start importing Assets/Scripts/astar/node_view.cs using Guid(eb7f56bb82fabd54a9006c363c13bef9) Importer(815301076,1909f56bfc062723c751e8b465ee728b)  -> (artifact id: '8ec664b7140174f3c209987c1d276e42') in 0.003800 seconds 
  Import took 0.005608 seconds .

========================================================================
Received Import Request.
  Time since last request: 0.001268 seconds.
  path: Assets/Scripts/astar/node_view.cs
  artifactKey: Guid(eb7f56bb82fabd54a9006c363c13bef9) Importer(815301076,1909f56bfc062723c751e8b465ee728b)
Start importing Assets/Scripts/astar/node_view.cs using Guid(eb7f56bb82fabd54a9006c363c13bef9) Importer(815301076,1909f56bfc062723c751e8b465ee728b)  -> (artifact id: '8ec664b7140174f3c209987c1d276e42') in 0.001296 seconds 
  Import took 0.003056 seconds .

========================================================================
Received Import Request.
  Time since last request: 0.328779 seconds.
  path: Assets/Scripts/astar/node.cs
  artifactKey: Guid(d159b4fb6d503cf408695cbc91966c3e) Importer(815301076,1909f56bfc062723c751e8b465ee728b)
Start importing Assets/Scripts/astar/node.cs using Guid(d159b4fb6d503cf408695cbc91966c3e) Importer(815301076,1909f56bfc062723c751e8b465ee728b)  -> (artifact id: 'f36d77b5e84b1d4eb1ca2261f064d7b2') in 0.003942 seconds 
  Import took 0.005791 seconds .

========================================================================
Received Import Request.
  Time since last request: 0.000583 seconds.
  path: Assets/Scripts/astar/node.cs
  artifactKey: Guid(d159b4fb6d503cf408695cbc91966c3e) Importer(815301076,1909f56bfc062723c751e8b465ee728b)
Start importing Assets/Scripts/astar/node.cs using Guid(d159b4fb6d503cf408695cbc91966c3e) Importer(815301076,1909f56bfc062723c751e8b465ee728b)  -> (artifact id: 'f36d77b5e84b1d4eb1ca2261f064d7b2') in 0.001208 seconds 
  Import took 0.002839 seconds .

========================================================================
Received Import Request.
  Time since last request: 0.433295 seconds.
  path: Assets/Scripts/astar/map_info.cs
  artifactKey: Guid(70a1e2da7ed68e24c85062a6d7a0f9c5) Importer(815301076,1909f56bfc062723c751e8b465ee728b)
Start importing Assets/Scripts/astar/map_info.cs using Guid(70a1e2da7ed68e24c85062a6d7a0f9c5) Importer(815301076,1909f56bfc062723c751e8b465ee728b)  -> (artifact id: 'a063dfe07d9f8235f80fba550e0c4ef0') in 0.003930 seconds 
  Import took 0.005830 seconds .

========================================================================
Received Import Request.
  Time since last request: 0.000550 seconds.
  path: Assets/Scripts/astar/map_info.cs
  artifactKey: Guid(70a1e2da7ed68e24c85062a6d7a0f9c5) Importer(815301076,1909f56bfc062723c751e8b465ee728b)
Start importing Assets/Scripts/astar/map_info.cs using Guid(70a1e2da7ed68e24c85062a6d7a0f9c5) Importer(815301076,1909f56bfc062723c751e8b465ee728b)  -> (artifact id: 'a063dfe07d9f8235f80fba550e0c4ef0') in 0.001294 seconds 
  Import took 0.002982 seconds .

========================================================================
Received Import Request.
  Time since last request: 0.728108 seconds.
  path: Assets/Scripts/astar/oepn_list.cs
  artifactKey: Guid(82727428c45f1354db9ab7f8701134a8) Importer(815301076,1909f56bfc062723c751e8b465ee728b)
Start importing Assets/Scripts/astar/oepn_list.cs using Guid(82727428c45f1354db9ab7f8701134a8) Importer(815301076,1909f56bfc062723c751e8b465ee728b)  -> (artifact id: '44ffdcf70dc695bc03495be2544a05a8') in 0.003794 seconds 
  Import took 0.005599 seconds .

========================================================================
Received Import Request.
  Time since last request: 0.482869 seconds.
  path: Assets/Scripts/astar/pos.cs
  artifactKey: Guid(c04eba8c2785b584889cba3b42195b5f) Importer(815301076,1909f56bfc062723c751e8b465ee728b)
Start importing Assets/Scripts/astar/pos.cs using Guid(c04eba8c2785b584889cba3b42195b5f) Importer(815301076,1909f56bfc062723c751e8b465ee728b)  -> (artifact id: 'f4cc0c9c8878140dfc6ad98eff178630') in 0.006914 seconds 
  Import took 0.008783 seconds .

========================================================================
Received Import Request.
  Time since last request: 0.443681 seconds.
  path: Assets/Scripts/astar/TargetNode.cs
  artifactKey: Guid(ae2cb3f9ddbf86d459fa383e2eab3129) Importer(815301076,1909f56bfc062723c751e8b465ee728b)
Start importing Assets/Scripts/astar/TargetNode.cs using Guid(ae2cb3f9ddbf86d459fa383e2eab3129) Importer(815301076,1909f56bfc062723c751e8b465ee728b)  -> (artifact id: '3a7330bc19aa526ba15b7af73f98de03') in 0.003779 seconds 
  Import took 0.005666 seconds .

========================================================================
Received Import Request.
  Time since last request: 0.000607 seconds.
  path: Assets/Scripts/astar/TargetNode.cs
  artifactKey: Guid(ae2cb3f9ddbf86d459fa383e2eab3129) Importer(815301076,1909f56bfc062723c751e8b465ee728b)
Start importing Assets/Scripts/astar/TargetNode.cs using Guid(ae2cb3f9ddbf86d459fa383e2eab3129) Importer(815301076,1909f56bfc062723c751e8b465ee728b)  -> (artifact id: '3a7330bc19aa526ba15b7af73f98de03') in 0.001451 seconds 
  Import took 0.003030 seconds .

========================================================================
Received Prepare
Registering precompiled user dll's ...
Registered in 0.003077 seconds.
Begin MonoManager ReloadAssembly
Native extension for WindowsStandalone target not found
Native extension for WebGL target not found
Refreshing native plugins compatible for Editor in 0.29 ms, found 2 plugins.
Preloading 0 native plugins for Editor in 0.00 ms.
Mono: successfully reloaded assembly
- Completed reload, in  0.821 seconds
Domain Reload Profiling:
	ReloadAssembly (821ms)
		BeginReloadAssembly (105ms)
			ExecutionOrderSort (0ms)
			DisableScriptedObjects (4ms)
			BackupInstance (0ms)
			ReleaseScriptingObjects (0ms)
			CreateAndSetChildDomain (27ms)
		EndReloadAssembly (672ms)
			LoadAssemblies (76ms)
			RebuildTransferFunctionScriptingTraits (0ms)
			SetupTypeCache (205ms)
			ReleaseScriptCaches (1ms)
			RebuildScriptCaches (35ms)
			SetupLoadedEditorAssemblies (292ms)
				LogAssemblyErrors (0ms)
				InitializePlatformSupportModulesInManaged (5ms)
				SetLoadedEditorAssemblies (0ms)
				RefreshPlugins (0ms)
				BeforeProcessingInitializeOnLoad (66ms)
				ProcessInitializeOnLoadAttributes (216ms)
				ProcessInitializeOnLoadMethodAttributes (3ms)
				AfterProcessingInitializeOnLoad (2ms)
				EditorAssembliesLoaded (0ms)
			ExecutionOrderSort2 (0ms)
			AwakeInstancesAfterBackupRestoration (6ms)
Platform modules already initialized, skipping
Refreshing native plugins compatible for Editor in 0.29 ms, found 2 plugins.
Preloading 0 native plugins for Editor in 0.00 ms.
Unloading 1415 Unused Serialized files (Serialized files now loaded: 0)
System memory in use before: 68.1 MB.
System memory in use after: 68.2 MB.

Unloading 15 unused Assets to reduce memory usage. Loaded Objects now: 1865.
Total: 2.274700 ms (FindLiveObjects: 0.150400 ms CreateObjectMapping: 0.049900 ms MarkObjects: 2.058300 ms  DeleteObjects: 0.014700 ms)

AssetImportParameters requested are different than current active one (requested -> active):
  custom:framework-win-MediaFoundation: 216162199b28c13a410421893ffa2e32 -> 
  custom:video-decoder-ogg-theora: a1e56fd34408186e4bbccfd4996cb3dc -> 
  custom:container-muxer-webm: aa71ff27fc2769a1b78a27578f13a17b -> 
  custom:container-demuxer-webm: 4f35f7cbe854078d1ac9338744f61a02 -> 
  custom:container-demuxer-ogg: 62fdf1f143b41e24485cea50d1cbac27 -> 
  custom:video-encoder-webm-vp8: eb34c28f22e8b96e1ab97ce403110664 -> 
  custom:video-decoder-webm-vp8: 9c59270c3fd7afecdb556c50c9e8de78 -> 
  custom:audio-decoder-ogg-vorbis: bf7c407c2cedff20999df2af8eb42d56 -> 
  custom:audio-encoder-webm-vorbis: bf7c407c2cedff20999df2af8eb42d56 -> 
========================================================================
Received Import Request.
  Time since last request: 684.649539 seconds.
  path: Assets/Scripts/astar/node_view.cs
  artifactKey: Guid(eb7f56bb82fabd54a9006c363c13bef9) Importer(815301076,1909f56bfc062723c751e8b465ee728b)
Start importing Assets/Scripts/astar/node_view.cs using Guid(eb7f56bb82fabd54a9006c363c13bef9) Importer(815301076,1909f56bfc062723c751e8b465ee728b)  -> (artifact id: '2dd45da708ae91ede9f24699f19e8190') in 0.003314 seconds 
  Import took 0.004908 seconds .

========================================================================
Received Prepare
Registering precompiled user dll's ...
Registered in 0.002969 seconds.
Begin MonoManager ReloadAssembly
Native extension for WindowsStandalone target not found
Native extension for WebGL target not found
Refreshing native plugins compatible for Editor in 0.28 ms, found 2 plugins.
Preloading 0 native plugins for Editor in 0.00 ms.
Mono: successfully reloaded assembly
- Completed reload, in  0.819 seconds
Domain Reload Profiling:
	ReloadAssembly (820ms)
		BeginReloadAssembly (102ms)
			ExecutionOrderSort (0ms)
			DisableScriptedObjects (4ms)
			BackupInstance (0ms)
			ReleaseScriptingObjects (0ms)
			CreateAndSetChildDomain (26ms)
		EndReloadAssembly (673ms)
			LoadAssemblies (76ms)
			RebuildTransferFunctionScriptingTraits (0ms)
			SetupTypeCache (207ms)
			ReleaseScriptCaches (1ms)
			RebuildScriptCaches (35ms)
			SetupLoadedEditorAssemblies (292ms)
				LogAssemblyErrors (0ms)
				InitializePlatformSupportModulesInManaged (5ms)
				SetLoadedEditorAssemblies (0ms)
				RefreshPlugins (0ms)
				BeforeProcessingInitializeOnLoad (67ms)
				ProcessInitializeOnLoadAttributes (215ms)
				ProcessInitializeOnLoadMethodAttributes (3ms)
				AfterProcessingInitializeOnLoad (2ms)
				EditorAssembliesLoaded (0ms)
			ExecutionOrderSort2 (0ms)
			AwakeInstancesAfterBackupRestoration (5ms)
Platform modules already initialized, skipping
Refreshing native plugins compatible for Editor in 0.29 ms, found 2 plugins.
Preloading 0 native plugins for Editor in 0.00 ms.
Unloading 1415 Unused Serialized files (Serialized files now loaded: 0)
System memory in use before: 68.1 MB.
System memory in use after: 68.2 MB.

Unloading 15 unused Assets to reduce memory usage. Loaded Objects now: 1867.
Total: 2.147500 ms (FindLiveObjects: 0.134600 ms CreateObjectMapping: 0.038700 ms MarkObjects: 1.959200 ms  DeleteObjects: 0.014300 ms)

AssetImportParameters requested are different than current active one (requested -> active):
  custom:framework-win-MediaFoundation: 216162199b28c13a410421893ffa2e32 -> 
  custom:video-decoder-ogg-theora: a1e56fd34408186e4bbccfd4996cb3dc -> 
  custom:container-muxer-webm: aa71ff27fc2769a1b78a27578f13a17b -> 
  custom:container-demuxer-webm: 4f35f7cbe854078d1ac9338744f61a02 -> 
  custom:container-demuxer-ogg: 62fdf1f143b41e24485cea50d1cbac27 -> 
  custom:video-encoder-webm-vp8: eb34c28f22e8b96e1ab97ce403110664 -> 
  custom:video-decoder-webm-vp8: 9c59270c3fd7afecdb556c50c9e8de78 -> 
  custom:audio-decoder-ogg-vorbis: bf7c407c2cedff20999df2af8eb42d56 -> 
  custom:audio-encoder-webm-vorbis: bf7c407c2cedff20999df2af8eb42d56 -> 
========================================================================
Received Prepare
Registering precompiled user dll's ...
Registered in 0.003112 seconds.
Begin MonoManager ReloadAssembly
Native extension for WindowsStandalone target not found
Native extension for WebGL target not found
Refreshing native plugins compatible for Editor in 0.29 ms, found 2 plugins.
Preloading 0 native plugins for Editor in 0.00 ms.
Mono: successfully reloaded assembly
- Completed reload, in  0.817 seconds
Domain Reload Profiling:
	ReloadAssembly (818ms)
		BeginReloadAssembly (97ms)
			ExecutionOrderSort (0ms)
			DisableScriptedObjects (4ms)
			BackupInstance (0ms)
			ReleaseScriptingObjects (0ms)
			CreateAndSetChildDomain (25ms)
		EndReloadAssembly (676ms)
			LoadAssemblies (77ms)
			RebuildTransferFunctionScriptingTraits (0ms)
			SetupTypeCache (202ms)
			ReleaseScriptCaches (1ms)
			RebuildScriptCaches (35ms)
			SetupLoadedEditorAssemblies (296ms)
				LogAssemblyErrors (0ms)
				InitializePlatformSupportModulesInManaged (5ms)
				SetLoadedEditorAssemblies (0ms)
				RefreshPlugins (0ms)
				BeforeProcessingInitializeOnLoad (68ms)
				ProcessInitializeOnLoadAttributes (218ms)
				ProcessInitializeOnLoadMethodAttributes (3ms)
				AfterProcessingInitializeOnLoad (2ms)
				EditorAssembliesLoaded (0ms)
			ExecutionOrderSort2 (0ms)
			AwakeInstancesAfterBackupRestoration (6ms)
Platform modules already initialized, skipping
Refreshing native plugins compatible for Editor in 0.32 ms, found 2 plugins.
Preloading 0 native plugins for Editor in 0.00 ms.
Unloading 1415 Unused Serialized files (Serialized files now loaded: 0)
System memory in use before: 68.1 MB.
System memory in use after: 68.2 MB.

Unloading 15 unused Assets to reduce memory usage. Loaded Objects now: 1869.
Total: 2.194700 ms (FindLiveObjects: 0.140500 ms CreateObjectMapping: 0.038600 ms MarkObjects: 2.000900 ms  DeleteObjects: 0.013700 ms)

AssetImportParameters requested are different than current active one (requested -> active):
  custom:framework-win-MediaFoundation: 216162199b28c13a410421893ffa2e32 -> 
  custom:video-decoder-ogg-theora: a1e56fd34408186e4bbccfd4996cb3dc -> 
  custom:container-muxer-webm: aa71ff27fc2769a1b78a27578f13a17b -> 
  custom:container-demuxer-webm: 4f35f7cbe854078d1ac9338744f61a02 -> 
  custom:container-demuxer-ogg: 62fdf1f143b41e24485cea50d1cbac27 -> 
  custom:video-encoder-webm-vp8: eb34c28f22e8b96e1ab97ce403110664 -> 
  custom:video-decoder-webm-vp8: 9c59270c3fd7afecdb556c50c9e8de78 -> 
  custom:audio-decoder-ogg-vorbis: bf7c407c2cedff20999df2af8eb42d56 -> 
  custom:audio-encoder-webm-vorbis: bf7c407c2cedff20999df2af8eb42d56 -> 
AssetImportWorkerClient::OnTransportError - code=2 error=End of file
